[[Mon Dec 15 09:25:25 IST 2014:: ./centos_prepare_ovpl.sh :: Line 12::]] export http_proxy = http://proxy.iiit.ac.in:8080
[[Mon Dec 15 09:25:25 IST 2014:: ./centos_prepare_ovpl.sh :: Line 16::]] export https_proxy = http://proxy.iiit.ac.in:8080
[[Mon Dec 15 09:25:25 IST 2014:: ./centos_prepare_ovpl.sh :: Line 53::]] Updating System....
[[Mon Dec 15 09:25:25 IST 2014:: ./centos_prepare_ovpl.sh :: Line 60::]] System updation complete..
[[Mon Dec 15 09:25:25 IST 2014:: ./centos_prepare_ovpl.sh :: Line 66::]] Invoking install_dependencies.sh
[[Mon Dec 15 09:25:25 IST 2014:: ./install_dependencies.sh :: Line 6::]] Setting up EPEL repo..
[[Mon Dec 15 09:25:25 IST 2014:: ./install_dependencies.sh :: Line 9::]] Installing dependencies.. 
[[Mon Dec 15 09:25:25 IST 2014:: ./install_dependencies.sh :: Line 10::]] Running yum -y install gcc python-devel.x86_64 python-pip openssh-clients openssh-server git
[[Mon Dec 15 09:25:25 IST 2014:: ./install_dependencies.sh :: Line 16::]] Completed installation of gcc python-devel.x86_64 python-pip openssh-clients openssh-server git
[[Mon Dec 15 09:25:25 IST 2014:: ./centos_prepare_ovpl.sh :: Line 76::]] successfully installed dependencies...
[[Mon Dec 15 09:25:25 IST 2014:: ./centos_prepare_ovpl.sh :: Line 85::]] Invoking install_openvz.sh
[[Mon Dec 15 09:25:25 IST 2014:: ./centos_prepare_ovpl.sh :: Line 95::]] successfully installed openvz...
[[Mon Dec 15 09:25:25 IST 2014:: ./centos_prepare_ovpl.sh :: Line 105::]] Invoking install_mongodb.sh
[[Mon Dec 15 09:26:25 IST 2014:: ./install_mongodb.sh :: Line 8::]] Setting up MongoDB repo....
[[Mon Dec 15 09:26:25 IST 2014:: ./install_mongodb.sh :: Line 11::]] Installing MongoDB......
[[Mon Dec 15 09:26:25 IST 2014:: ./install_mongodb.sh :: Line 18::]] Starting mongod service..
[[Mon Dec 15 09:25:25 IST 2014:: ./centos_prepare_ovpl.sh :: Line 116::]] successfully installed mongodb...
[[Mon Dec 15 09:25:25 IST 2014:: ./centos_prepare_ovpl.sh :: Line 125::]] Invoking install_ovpl.sh
[[Mon Dec 15 09:25:25 IST 2014:: ./centos_prepare_ovpl.sh :: Line 135::]] successfully installed ovpl...
[[Mon Dec 15 09:25:25 IST 2014:: ./centos_prepare_ovpl.sh :: Line 136::]] Finished...
